2022-12-26 20:07:27,894 [main] INFO Banking_Log - Browser Is Opened.
2022-12-26 20:07:28,121 [main] INFO Banking_Log - Login Button Clicked.
2022-12-27 14:05:37,270 [main] INFO Banking_Log - Browser Is Opened.
2022-12-27 14:05:38,997 [main] INFO Banking_Log - Login Button Clicked.
2022-12-27 14:13:50,562 [main] INFO Banking_Log - Browser Is Opened.
2022-12-27 14:13:50,862 [main] INFO Banking_Log - Login Button Clicked.
2022-12-27 14:19:26,176 [main] INFO Banking_Log - Browser Is Opened.
2022-12-27 14:19:26,379 [main] INFO Banking_Log - Login Button Clicked.
2022-12-27 14:19:47,886 [main] INFO Banking_Log - Mobile Number Entered.
2022-12-27 14:56:18,105 [main] INFO Banking_Log - Browser Is Opened.
2022-12-27 14:56:18,251 [main] INFO Banking_Log - Login Button Clicked.
2022-12-27 14:56:30,944 [main] INFO Banking_Log - Mobile Number Entered.
2022-12-27 14:56:36,277 [main] INFO Banking_Log - Clicked Continue Button.
2022-12-27 14:58:16,042 [main] INFO Banking_Log - Browser Is Opened.
2022-12-27 14:58:16,219 [main] INFO Banking_Log - Login Button Clicked.
2022-12-27 14:58:30,085 [main] INFO Banking_Log - Mobile Number Entered.
2022-12-27 14:58:35,283 [main] INFO Banking_Log - Clicked Continue Button.
2022-12-27 15:09:36,810 [main] INFO Banking_Log - Browser Is Opened.
2022-12-27 15:09:37,362 [main] INFO Banking_Log - Login Button Clicked.
2022-12-27 15:09:48,337 [main] INFO Banking_Log - Mobile Number Entered.
2022-12-27 15:09:53,691 [main] INFO Banking_Log - Clicked Continue Button.
2022-12-27 15:10:19,068 [main] INFO Banking_Log - Clicked Next Button.
2022-12-27 15:12:23,469 [main] INFO Banking_Log - Browser Is Opened.
2022-12-27 15:12:23,741 [main] INFO Banking_Log - Login Button Clicked.
2022-12-27 15:12:45,376 [main] INFO Banking_Log - Mobile Number Entered.
2022-12-27 15:12:50,588 [main] INFO Banking_Log - Clicked Continue Button.
2022-12-27 15:13:20,938 [main] INFO Banking_Log - Clicked Next Button.
2022-12-27 15:31:23,646 [main] INFO Banking_Log - Browser Is Opened.
2022-12-27 15:31:23,851 [main] INFO Banking_Log - Login Button Clicked.
2022-12-27 15:31:45,282 [main] INFO Banking_Log - Mobile Number Entered.
2022-12-27 15:31:50,539 [main] INFO Banking_Log - Clicked Continue Button.
