2022-12-26 20:07:27,894 - Banking_Log -INFO - Browser Is Opened.
2022-12-26 20:07:28,121 - Banking_Log -INFO - Login Button Clicked.
2022-12-27 14:05:37,270 - Banking_Log -INFO - Browser Is Opened.
2022-12-27 14:05:38,997 - Banking_Log -INFO - Login Button Clicked.
2022-12-27 14:13:50,562 - Banking_Log -INFO - Browser Is Opened.
2022-12-27 14:13:50,862 - Banking_Log -INFO - Login Button Clicked.
2022-12-27 14:19:26,176 - Banking_Log -INFO - Browser Is Opened.
2022-12-27 14:19:26,379 - Banking_Log -INFO - Login Button Clicked.
2022-12-27 14:19:47,886 - Banking_Log -INFO - Mobile Number Entered.
2022-12-27 14:56:18,105 - Banking_Log -INFO - Browser Is Opened.
2022-12-27 14:56:18,251 - Banking_Log -INFO - Login Button Clicked.
2022-12-27 14:56:30,944 - Banking_Log -INFO - Mobile Number Entered.
2022-12-27 14:56:36,277 - Banking_Log -INFO - Clicked Continue Button.
2022-12-27 14:58:16,042 - Banking_Log -INFO - Browser Is Opened.
2022-12-27 14:58:16,219 - Banking_Log -INFO - Login Button Clicked.
2022-12-27 14:58:30,085 - Banking_Log -INFO - Mobile Number Entered.
2022-12-27 14:58:35,283 - Banking_Log -INFO - Clicked Continue Button.
2022-12-27 15:09:36,810 - Banking_Log -INFO - Browser Is Opened.
2022-12-27 15:09:37,362 - Banking_Log -INFO - Login Button Clicked.
2022-12-27 15:09:48,337 - Banking_Log -INFO - Mobile Number Entered.
2022-12-27 15:09:53,691 - Banking_Log -INFO - Clicked Continue Button.
2022-12-27 15:10:19,068 - Banking_Log -INFO - Clicked Next Button.
2022-12-27 15:12:23,469 - Banking_Log -INFO - Browser Is Opened.
2022-12-27 15:12:23,741 - Banking_Log -INFO - Login Button Clicked.
2022-12-27 15:12:45,376 - Banking_Log -INFO - Mobile Number Entered.
2022-12-27 15:12:50,588 - Banking_Log -INFO - Clicked Continue Button.
2022-12-27 15:13:20,938 - Banking_Log -INFO - Clicked Next Button.
2022-12-27 15:31:23,646 - Banking_Log -INFO - Browser Is Opened.
2022-12-27 15:31:23,851 - Banking_Log -INFO - Login Button Clicked.
2022-12-27 15:31:45,282 - Banking_Log -INFO - Mobile Number Entered.
2022-12-27 15:31:50,539 - Banking_Log -INFO - Clicked Continue Button.
